build/app/intermediates/manifest_merge_blame_file/release/manifest-merger-blame-release-report.txt
1<?xml version="1.0" encoding="utf-8"?>
2<manifest xmlns:android="http://schemas.android.com/apk/res/android"
3    package="com.example.hopon"
4    android:versionCode="1"
5    android:versionName="1.0.0" >
6
7    <uses-sdk
8        android:minSdkVersion="20"
8-->src\main\AndroidManifest.xml
9        android:targetSdkVersion="31" />
9-->src\main\AndroidManifest.xml
10
11    <uses-permission android:name="android.permission.INTERNET" />
11-->src\main\AndroidManifest.xml:4:5-66
11-->src\main\AndroidManifest.xml:4:22-64
12    <uses-permission android:name="android.permission.ACCESS_FINE_LOCATION" />
12-->src\main\AndroidManifest.xml:5:5-79
12-->src\main\AndroidManifest.xml:5:22-76
13    <uses-permission android:name="android.permission.ACCESS_COARSE_LOCATION" />
13-->src\main\AndroidManifest.xml:6:5-81
13-->src\main\AndroidManifest.xml:6:22-78
14    <uses-permission android:name="android.permission.FOREGROUND_SERVICE" />
14-->[:geolocator_android] AndroidManifest.xml:9:5-77
14-->[:geolocator_android] AndroidManifest.xml:9:22-74
15    <uses-permission android:name="android.permission.ACCESS_NETWORK_STATE" />
15-->[:connectivity_plus] AndroidManifest.xml:9:5-79
15-->[:connectivity_plus] AndroidManifest.xml:9:22-76
16
17    <queries>
17-->[com.razorpay:checkout:1.6.19] AndroidManifest.xml:11:5-37:15
18        <intent>
18-->[com.razorpay:checkout:1.6.19] AndroidManifest.xml:12:9-18:18
19            <action android:name="android.intent.action.VIEW" />
19-->[com.google.firebase:firebase-auth:21.0.5] AndroidManifest.xml:34:17-69
19-->[com.google.firebase:firebase-auth:21.0.5] AndroidManifest.xml:34:25-66
20
21            <data
21-->[com.google.firebase:firebase-auth:21.0.5] AndroidManifest.xml:39:17-42:51
22                android:mimeType="*/*"
23                android:scheme="*" />
23-->[com.google.firebase:firebase-auth:21.0.5] AndroidManifest.xml:42:21-48
24        </intent>
25        <intent>
25-->[com.razorpay:checkout:1.6.19] AndroidManifest.xml:19:9-28:18
26            <action android:name="android.intent.action.VIEW" />
26-->[com.google.firebase:firebase-auth:21.0.5] AndroidManifest.xml:34:17-69
26-->[com.google.firebase:firebase-auth:21.0.5] AndroidManifest.xml:34:25-66
27
28            <category android:name="android.intent.category.BROWSABLE" />
28-->[com.google.firebase:firebase-auth:21.0.5] AndroidManifest.xml:37:17-78
28-->[com.google.firebase:firebase-auth:21.0.5] AndroidManifest.xml:37:27-75
29
30            <data
30-->[com.google.firebase:firebase-auth:21.0.5] AndroidManifest.xml:39:17-42:51
31                android:host="pay"
31-->[com.google.firebase:firebase-auth:21.0.5] AndroidManifest.xml:40:21-49
32                android:mimeType="*/*"
33                android:scheme="upi" />
33-->[com.google.firebase:firebase-auth:21.0.5] AndroidManifest.xml:42:21-48
34        </intent>
35        <intent>
35-->[com.razorpay:checkout:1.6.19] AndroidManifest.xml:29:9-31:18
36            <action android:name="android.intent.action.MAIN" />
36-->src\main\AndroidManifest.xml:28:17-68
36-->src\main\AndroidManifest.xml:28:25-66
37        </intent>
38        <intent>
38-->[com.razorpay:checkout:1.6.19] AndroidManifest.xml:32:9-36:18
39            <action android:name="android.intent.action.SEND" />
39-->[com.razorpay:checkout:1.6.19] AndroidManifest.xml:33:13-65
39-->[com.razorpay:checkout:1.6.19] AndroidManifest.xml:33:21-62
40
41            <data android:mimeType="*/*" />
41-->[com.google.firebase:firebase-auth:21.0.5] AndroidManifest.xml:39:17-42:51
42        </intent>
43        <!-- Needs to be explicitly declared on Android R+ -->
44        <package android:name="com.google.android.apps.maps" />
44-->[com.google.android.gms:play-services-maps:18.0.2] AndroidManifest.xml:33:9-64
44-->[com.google.android.gms:play-services-maps:18.0.2] AndroidManifest.xml:33:18-61
45    </queries>
46
47    <uses-feature
47-->[com.google.android.gms:play-services-maps:18.0.2] AndroidManifest.xml:26:5-28:35
48        android:glEsVersion="0x00020000"
48-->[com.google.android.gms:play-services-maps:18.0.2] AndroidManifest.xml:27:9-41
49        android:required="true" />
49-->[com.google.android.gms:play-services-maps:18.0.2] AndroidManifest.xml:28:9-32
50
51    <application
52        android:name="android.app.Application"
52-->src\main\AndroidManifest.xml:9:9-42
53        android:appComponentFactory="androidx.core.app.CoreComponentFactory"
53-->[androidx.core:core:1.8.0] AndroidManifest.xml:24:18-86
54        android:icon="@mipmap/ic_launcher"
54-->src\main\AndroidManifest.xml:10:9-43
55        android:label="car_rental_system" >
55-->src\main\AndroidManifest.xml:8:9-42
56        <activity
56-->src\main\AndroidManifest.xml:11:9-31:20
57            android:name="com.example.car_rental_system.MainActivity"
57-->src\main\AndroidManifest.xml:12:13-41
58            android:configChanges="orientation|keyboardHidden|keyboard|screenSize|smallestScreenSize|locale|layoutDirection|fontScale|screenLayout|density|uiMode"
58-->src\main\AndroidManifest.xml:16:13-163
59            android:exported="true"
59-->src\main\AndroidManifest.xml:13:13-36
60            android:hardwareAccelerated="true"
60-->src\main\AndroidManifest.xml:17:13-47
61            android:launchMode="singleTop"
61-->src\main\AndroidManifest.xml:14:13-43
62            android:theme="@style/LaunchTheme"
62-->src\main\AndroidManifest.xml:15:13-47
63            android:windowSoftInputMode="adjustResize" >
63-->src\main\AndroidManifest.xml:18:13-55
64
65            <!--
66                 Specifies an Android theme to apply to this Activity as soon as
67                 the Android process has started. This theme is visible to the user
68                 while the Flutter UI initializes. After that, this theme continues
69                 to determine the Window background behind the Flutter UI.
70            -->
71            <meta-data
71-->src\main\AndroidManifest.xml:23:13-26:17
72                android:name="io.flutter.embedding.android.NormalTheme"
72-->src\main\AndroidManifest.xml:24:15-70
73                android:resource="@style/NormalTheme" />
73-->src\main\AndroidManifest.xml:25:15-52
74
75            <intent-filter>
75-->src\main\AndroidManifest.xml:27:13-30:29
76                <action android:name="android.intent.action.MAIN" />
76-->src\main\AndroidManifest.xml:28:17-68
76-->src\main\AndroidManifest.xml:28:25-66
77
78                <category android:name="android.intent.category.LAUNCHER" />
78-->src\main\AndroidManifest.xml:29:17-76
78-->src\main\AndroidManifest.xml:29:27-74
79            </intent-filter>
80        </activity>
81        <!--
82             Don't delete the meta-data below.
83             This is used by the Flutter tool to generate GeneratedPluginRegistrant.java
84        -->
85        <meta-data
85-->src\main\AndroidManifest.xml:34:9-36:33
86            android:name="flutterEmbedding"
86-->src\main\AndroidManifest.xml:35:13-44
87            android:value="2" />
87-->src\main\AndroidManifest.xml:36:13-30
88        <!-- activity we added to this project -->
89        <!-- start -->
90        <activity
90-->src\main\AndroidManifest.xml:39:9-42:71
91            android:name="com.yalantis.ucrop.UCropActivity"
91-->src\main\AndroidManifest.xml:40:13-60
92            android:screenOrientation="portrait"
92-->src\main\AndroidManifest.xml:41:13-49
93            android:theme="@style/Theme.AppCompat.Light.NoActionBar" />
93-->src\main\AndroidManifest.xml:42:13-69
94
95        <meta-data
95-->src\main\AndroidManifest.xml:43:9-44:70
96            android:name="com.google.android.geo.API_KEY"
96-->src\main\AndroidManifest.xml:43:20-65
97            android:value="AIzaSyDPcusQLBhWyeZ_w61maodVGZXTzA375LU" />
97-->src\main\AndroidManifest.xml:44:13-68
98        <!-- end -->
99        <service
99-->[:firebase_database] AndroidManifest.xml:10:9-14:19
100            android:name="com.google.firebase.components.ComponentDiscoveryService"
100-->[:firebase_database] AndroidManifest.xml:10:18-89
101            android:directBootAware="true"
101-->[com.google.firebase:firebase-common:20.1.1] AndroidManifest.xml:35:13-43
102            android:exported="false" >
102-->[com.google.firebase:firebase-auth:21.0.5] AndroidManifest.xml:66:13-37
103            <meta-data
103-->[:firebase_database] AndroidManifest.xml:11:13-13:85
104                android:name="com.google.firebase.components:io.flutter.plugins.firebase.database.FlutterFirebaseAppRegistrar"
104-->[:firebase_database] AndroidManifest.xml:12:17-127
105                android:value="com.google.firebase.components.ComponentRegistrar" />
105-->[:firebase_database] AndroidManifest.xml:13:17-82
106            <meta-data
106-->[:cloud_firestore] AndroidManifest.xml:11:13-13:85
107                android:name="com.google.firebase.components:io.flutter.plugins.firebase.firestore.FlutterFirebaseFirestoreRegistrar"
107-->[:cloud_firestore] AndroidManifest.xml:12:17-134
108                android:value="com.google.firebase.components.ComponentRegistrar" />
108-->[:cloud_firestore] AndroidManifest.xml:13:17-82
109            <meta-data
109-->[:firebase_auth] AndroidManifest.xml:11:13-13:85
110                android:name="com.google.firebase.components:io.flutter.plugins.firebase.auth.FlutterFirebaseAuthRegistrar"
110-->[:firebase_auth] AndroidManifest.xml:12:17-124
111                android:value="com.google.firebase.components.ComponentRegistrar" />
111-->[:firebase_auth] AndroidManifest.xml:13:17-82
112            <meta-data
112-->[:firebase_storage] AndroidManifest.xml:11:13-13:85
113                android:name="com.google.firebase.components:io.flutter.plugins.firebase.storage.FlutterFirebaseAppRegistrar"
113-->[:firebase_storage] AndroidManifest.xml:12:17-126
114                android:value="com.google.firebase.components.ComponentRegistrar" />
114-->[:firebase_storage] AndroidManifest.xml:13:17-82
115            <meta-data
115-->[:firebase_core] AndroidManifest.xml:11:13-13:85
116                android:name="com.google.firebase.components:io.flutter.plugins.firebase.core.FlutterFirebaseCoreRegistrar"
116-->[:firebase_core] AndroidManifest.xml:12:17-124
117                android:value="com.google.firebase.components.ComponentRegistrar" />
117-->[:firebase_core] AndroidManifest.xml:13:17-82
118            <meta-data
118-->[com.google.firebase:firebase-auth:21.0.5] AndroidManifest.xml:67:13-69:85
119                android:name="com.google.firebase.components:com.google.firebase.auth.FirebaseAuthRegistrar"
119-->[com.google.firebase:firebase-auth:21.0.5] AndroidManifest.xml:68:17-109
120                android:value="com.google.firebase.components.ComponentRegistrar" />
120-->[com.google.firebase:firebase-auth:21.0.5] AndroidManifest.xml:69:17-82
121            <meta-data
121-->[com.google.firebase:firebase-firestore:24.1.2] AndroidManifest.xml:20:13-22:85
122                android:name="com.google.firebase.components:com.google.firebase.firestore.FirestoreRegistrar"
122-->[com.google.firebase:firebase-firestore:24.1.2] AndroidManifest.xml:21:17-111
123                android:value="com.google.firebase.components.ComponentRegistrar" />
123-->[com.google.firebase:firebase-firestore:24.1.2] AndroidManifest.xml:22:17-82
124            <meta-data
124-->[com.google.firebase:firebase-storage:20.0.1] AndroidManifest.xml:33:13-35:85
125                android:name="com.google.firebase.components:com.google.firebase.storage.StorageRegistrar"
125-->[com.google.firebase:firebase-storage:20.0.1] AndroidManifest.xml:34:17-107
126                android:value="com.google.firebase.components.ComponentRegistrar" />
126-->[com.google.firebase:firebase-storage:20.0.1] AndroidManifest.xml:35:17-82
127            <meta-data
127-->[com.google.firebase:firebase-database:20.0.5] AndroidManifest.xml:32:13-34:85
128                android:name="com.google.firebase.components:com.google.firebase.database.DatabaseRegistrar"
128-->[com.google.firebase:firebase-database:20.0.5] AndroidManifest.xml:33:17-109
129                android:value="com.google.firebase.components.ComponentRegistrar" />
129-->[com.google.firebase:firebase-database:20.0.5] AndroidManifest.xml:34:17-82
130        </service>
131        <service
131-->[:geolocator_android] AndroidManifest.xml:12:9-16:56
132            android:name="com.baseflow.geolocator.GeolocatorLocationService"
132-->[:geolocator_android] AndroidManifest.xml:13:13-77
133            android:enabled="true"
133-->[:geolocator_android] AndroidManifest.xml:14:13-35
134            android:exported="false"
134-->[:geolocator_android] AndroidManifest.xml:15:13-37
135            android:foregroundServiceType="location" />
135-->[:geolocator_android] AndroidManifest.xml:16:13-53
136
137        <provider
137-->[:image_picker_android] AndroidManifest.xml:10:9-18:20
138            android:name="io.flutter.plugins.imagepicker.ImagePickerFileProvider"
138-->[:image_picker_android] AndroidManifest.xml:11:13-82
139            android:authorities="com.example.hopon.flutter.image_provider"
139-->[:image_picker_android] AndroidManifest.xml:12:13-74
140            android:exported="false"
140-->[:image_picker_android] AndroidManifest.xml:13:13-37
141            android:grantUriPermissions="true" >
141-->[:image_picker_android] AndroidManifest.xml:14:13-47
142            <meta-data
142-->[:image_picker_android] AndroidManifest.xml:15:13-17:75
143                android:name="android.support.FILE_PROVIDER_PATHS"
143-->[:image_picker_android] AndroidManifest.xml:16:17-67
144                android:resource="@xml/flutter_image_picker_file_paths" />
144-->[:image_picker_android] AndroidManifest.xml:17:17-72
145        </provider>
146
147        <service
147-->[:location] AndroidManifest.xml:13:9-17:56
148            android:name="com.lyokone.location.FlutterLocationService"
148-->[:location] AndroidManifest.xml:14:13-71
149            android:enabled="true"
149-->[:location] AndroidManifest.xml:15:13-35
150            android:exported="false"
150-->[:location] AndroidManifest.xml:16:13-37
151            android:foregroundServiceType="location" />
151-->[:location] AndroidManifest.xml:17:13-53
152
153        <uses-library
153-->[androidx.window:window:1.0.0-beta04] AndroidManifest.xml:25:9-27:40
154            android:name="androidx.window.extensions"
154-->[androidx.window:window:1.0.0-beta04] AndroidManifest.xml:26:13-54
155            android:required="false" />
155-->[androidx.window:window:1.0.0-beta04] AndroidManifest.xml:27:13-37
156        <uses-library
156-->[androidx.window:window:1.0.0-beta04] AndroidManifest.xml:28:9-30:40
157            android:name="androidx.window.sidecar"
157-->[androidx.window:window:1.0.0-beta04] AndroidManifest.xml:29:13-51
158            android:required="false" />
158-->[androidx.window:window:1.0.0-beta04] AndroidManifest.xml:30:13-37
159
160        <activity
160-->[com.google.firebase:firebase-auth:21.0.5] AndroidManifest.xml:27:9-44:20
161            android:name="com.google.firebase.auth.internal.GenericIdpActivity"
161-->[com.google.firebase:firebase-auth:21.0.5] AndroidManifest.xml:28:13-80
162            android:excludeFromRecents="true"
162-->[com.google.firebase:firebase-auth:21.0.5] AndroidManifest.xml:29:13-46
163            android:exported="true"
163-->[com.google.firebase:firebase-auth:21.0.5] AndroidManifest.xml:30:13-36
164            android:launchMode="singleTask"
164-->[com.google.firebase:firebase-auth:21.0.5] AndroidManifest.xml:31:13-44
165            android:theme="@android:style/Theme.Translucent.NoTitleBar" >
165-->[com.google.firebase:firebase-auth:21.0.5] AndroidManifest.xml:32:13-72
166            <intent-filter>
166-->[com.google.firebase:firebase-auth:21.0.5] AndroidManifest.xml:33:13-43:29
167                <action android:name="android.intent.action.VIEW" />
167-->[com.google.firebase:firebase-auth:21.0.5] AndroidManifest.xml:34:17-69
167-->[com.google.firebase:firebase-auth:21.0.5] AndroidManifest.xml:34:25-66
168
169                <category android:name="android.intent.category.DEFAULT" />
169-->[com.google.firebase:firebase-auth:21.0.5] AndroidManifest.xml:36:17-76
169-->[com.google.firebase:firebase-auth:21.0.5] AndroidManifest.xml:36:27-73
170                <category android:name="android.intent.category.BROWSABLE" />
170-->[com.google.firebase:firebase-auth:21.0.5] AndroidManifest.xml:37:17-78
170-->[com.google.firebase:firebase-auth:21.0.5] AndroidManifest.xml:37:27-75
171
172                <data
172-->[com.google.firebase:firebase-auth:21.0.5] AndroidManifest.xml:39:17-42:51
173                    android:host="firebase.auth"
173-->[com.google.firebase:firebase-auth:21.0.5] AndroidManifest.xml:40:21-49
174                    android:path="/"
174-->[com.google.firebase:firebase-auth:21.0.5] AndroidManifest.xml:41:21-37
175                    android:scheme="genericidp" />
175-->[com.google.firebase:firebase-auth:21.0.5] AndroidManifest.xml:42:21-48
176            </intent-filter>
177        </activity>
178        <activity
178-->[com.google.firebase:firebase-auth:21.0.5] AndroidManifest.xml:45:9-62:20
179            android:name="com.google.firebase.auth.internal.RecaptchaActivity"
179-->[com.google.firebase:firebase-auth:21.0.5] AndroidManifest.xml:46:13-79
180            android:excludeFromRecents="true"
180-->[com.google.firebase:firebase-auth:21.0.5] AndroidManifest.xml:47:13-46
181            android:exported="true"
181-->[com.google.firebase:firebase-auth:21.0.5] AndroidManifest.xml:48:13-36
182            android:launchMode="singleTask"
182-->[com.google.firebase:firebase-auth:21.0.5] AndroidManifest.xml:49:13-44
183            android:theme="@android:style/Theme.Translucent.NoTitleBar" >
183-->[com.google.firebase:firebase-auth:21.0.5] AndroidManifest.xml:50:13-72
184            <intent-filter>
184-->[com.google.firebase:firebase-auth:21.0.5] AndroidManifest.xml:51:13-61:29
185                <action android:name="android.intent.action.VIEW" />
185-->[com.google.firebase:firebase-auth:21.0.5] AndroidManifest.xml:34:17-69
185-->[com.google.firebase:firebase-auth:21.0.5] AndroidManifest.xml:34:25-66
186
187                <category android:name="android.intent.category.DEFAULT" />
187-->[com.google.firebase:firebase-auth:21.0.5] AndroidManifest.xml:36:17-76
187-->[com.google.firebase:firebase-auth:21.0.5] AndroidManifest.xml:36:27-73
188                <category android:name="android.intent.category.BROWSABLE" />
188-->[com.google.firebase:firebase-auth:21.0.5] AndroidManifest.xml:37:17-78
188-->[com.google.firebase:firebase-auth:21.0.5] AndroidManifest.xml:37:27-75
189
190                <data
190-->[com.google.firebase:firebase-auth:21.0.5] AndroidManifest.xml:39:17-42:51
191                    android:host="firebase.auth"
191-->[com.google.firebase:firebase-auth:21.0.5] AndroidManifest.xml:40:21-49
192                    android:path="/"
192-->[com.google.firebase:firebase-auth:21.0.5] AndroidManifest.xml:41:21-37
193                    android:scheme="recaptcha" />
193-->[com.google.firebase:firebase-auth:21.0.5] AndroidManifest.xml:42:21-48
194            </intent-filter>
195        </activity>
196
197        <provider
197-->[com.google.firebase:firebase-common:20.1.1] AndroidManifest.xml:26:9-31:39
198            android:name="com.google.firebase.provider.FirebaseInitProvider"
198-->[com.google.firebase:firebase-common:20.1.1] AndroidManifest.xml:27:13-77
199            android:authorities="com.example.hopon.firebaseinitprovider"
199-->[com.google.firebase:firebase-common:20.1.1] AndroidManifest.xml:28:13-72
200            android:directBootAware="true"
200-->[com.google.firebase:firebase-common:20.1.1] AndroidManifest.xml:29:13-43
201            android:exported="false"
201-->[com.google.firebase:firebase-common:20.1.1] AndroidManifest.xml:30:13-37
202            android:initOrder="100" />
202-->[com.google.firebase:firebase-common:20.1.1] AndroidManifest.xml:31:13-36
203
204        <receiver
204-->[com.razorpay:checkout:1.6.19] AndroidManifest.xml:40:9-46:20
205            android:name="com.razorpay.RzpTokenReceiver"
205-->[com.razorpay:checkout:1.6.19] AndroidManifest.xml:41:13-57
206            android:exported="false" >
206-->[com.razorpay:checkout:1.6.19] AndroidManifest.xml:42:13-37
207            <intent-filter>
207-->[com.razorpay:checkout:1.6.19] AndroidManifest.xml:43:13-45:29
208                <action android:name="rzp.device_token.share" />
208-->[com.razorpay:checkout:1.6.19] AndroidManifest.xml:44:17-65
208-->[com.razorpay:checkout:1.6.19] AndroidManifest.xml:44:25-62
209            </intent-filter>
210        </receiver>
211
212        <activity
212-->[com.razorpay:checkout:1.6.19] AndroidManifest.xml:48:9-60:20
213            android:name="com.razorpay.CheckoutActivity"
213-->[com.razorpay:checkout:1.6.19] AndroidManifest.xml:49:13-57
214            android:configChanges="keyboard|keyboardHidden|orientation|screenSize"
214-->[com.razorpay:checkout:1.6.19] AndroidManifest.xml:50:13-83
215            android:exported="true"
215-->[com.razorpay:checkout:1.6.19] AndroidManifest.xml:51:13-36
216            android:theme="@style/CheckoutTheme" >
216-->[com.razorpay:checkout:1.6.19] AndroidManifest.xml:52:13-49
217            <intent-filter>
217-->[com.razorpay:checkout:1.6.19] AndroidManifest.xml:53:13-59:29
218                <action android:name="android.intent.action.MAIN" />
218-->src\main\AndroidManifest.xml:28:17-68
218-->src\main\AndroidManifest.xml:28:25-66
219
220                <data
220-->[com.google.firebase:firebase-auth:21.0.5] AndroidManifest.xml:39:17-42:51
221                    android:host="rzp.io"
221-->[com.google.firebase:firebase-auth:21.0.5] AndroidManifest.xml:40:21-49
222                    android:scheme="io.rzp" />
222-->[com.google.firebase:firebase-auth:21.0.5] AndroidManifest.xml:42:21-48
223            </intent-filter>
224        </activity>
225
226        <meta-data
226-->[com.razorpay:checkout:1.6.19] AndroidManifest.xml:62:9-64:58
227            android:name="com.razorpay.plugin.googlepay_all"
227-->[com.razorpay:checkout:1.6.19] AndroidManifest.xml:63:13-61
228            android:value="com.razorpay.RzpGpayMerged" /> <!-- Needs to be explicitly declared on P+ -->
228-->[com.razorpay:checkout:1.6.19] AndroidManifest.xml:64:13-55
229        <uses-library
229-->[com.google.android.gms:play-services-maps:18.0.2] AndroidManifest.xml:39:9-41:40
230            android:name="org.apache.http.legacy"
230-->[com.google.android.gms:play-services-maps:18.0.2] AndroidManifest.xml:40:13-50
231            android:required="false" />
231-->[com.google.android.gms:play-services-maps:18.0.2] AndroidManifest.xml:41:13-37
232
233        <activity
233-->[com.google.android.gms:play-services-auth:17.0.0] AndroidManifest.xml:23:9-27:75
234            android:name="com.google.android.gms.auth.api.signin.internal.SignInHubActivity"
234-->[com.google.android.gms:play-services-auth:17.0.0] AndroidManifest.xml:24:13-93
235            android:excludeFromRecents="true"
235-->[com.google.android.gms:play-services-auth:17.0.0] AndroidManifest.xml:25:13-46
236            android:exported="false"
236-->[com.google.android.gms:play-services-auth:17.0.0] AndroidManifest.xml:26:13-37
237            android:theme="@android:style/Theme.Translucent.NoTitleBar" />
237-->[com.google.android.gms:play-services-auth:17.0.0] AndroidManifest.xml:27:13-72
238        <!--
239            Service handling Google Sign-In user revocation. For apps that do not integrate with
240            Google Sign-In, this service will never be started.
241        -->
242        <service
242-->[com.google.android.gms:play-services-auth:17.0.0] AndroidManifest.xml:33:9-36:110
243            android:name="com.google.android.gms.auth.api.signin.RevocationBoundService"
243-->[com.google.android.gms:play-services-auth:17.0.0] AndroidManifest.xml:34:13-89
244            android:exported="true"
244-->[com.google.android.gms:play-services-auth:17.0.0] AndroidManifest.xml:35:13-36
245            android:permission="com.google.android.gms.auth.api.signin.permission.REVOCATION_NOTIFICATION" />
245-->[com.google.android.gms:play-services-auth:17.0.0] AndroidManifest.xml:36:13-107
246
247        <activity
247-->[com.google.android.gms:play-services-base:18.0.1] AndroidManifest.xml:20:9-22:45
248            android:name="com.google.android.gms.common.api.GoogleApiActivity"
248-->[com.google.android.gms:play-services-base:18.0.1] AndroidManifest.xml:20:19-85
249            android:exported="false"
249-->[com.google.android.gms:play-services-base:18.0.1] AndroidManifest.xml:22:19-43
250            android:theme="@android:style/Theme.Translucent.NoTitleBar" />
250-->[com.google.android.gms:play-services-base:18.0.1] AndroidManifest.xml:21:19-78
251
252        <meta-data
252-->[com.google.android.gms:play-services-basement:18.0.0] AndroidManifest.xml:21:9-23:69
253            android:name="com.google.android.gms.version"
253-->[com.google.android.gms:play-services-basement:18.0.0] AndroidManifest.xml:22:13-58
254            android:value="@integer/google_play_services_version" />
254-->[com.google.android.gms:play-services-basement:18.0.0] AndroidManifest.xml:23:13-66
255    </application>
256
257</manifest>